c:\users\ghrud\onedrive\바탕 화면\styx\engine\utility\include\release\vc140.pdb
c:\users\ghrud\onedrive\바탕 화면\styx\engine\utility\include\release\line.obj
c:\users\ghrud\onedrive\바탕 화면\styx\engine\utility\include\release\lightmgr.obj
c:\users\ghrud\onedrive\바탕 화면\styx\engine\utility\include\release\light.obj
c:\users\ghrud\onedrive\바탕 화면\styx\engine\utility\include\release\layer.obj
c:\users\ghrud\onedrive\바탕 화면\styx\engine\utility\include\release\keymgr.obj
c:\users\ghrud\onedrive\바탕 화면\styx\engine\utility\include\release\hierarchyloader.obj
c:\users\ghrud\onedrive\바탕 화면\styx\engine\utility\include\release\gameobject.obj
c:\users\ghrud\onedrive\바탕 화면\styx\engine\utility\include\release\frustum.obj
c:\users\ghrud\onedrive\바탕 화면\styx\engine\utility\include\release\dynamicmesh.obj
c:\users\ghrud\onedrive\바탕 화면\styx\engine\utility\include\release\cubetex.obj
c:\users\ghrud\onedrive\바탕 화면\styx\engine\utility\include\release\cubecollider.obj
c:\users\ghrud\onedrive\바탕 화면\styx\engine\utility\include\release\cubecol.obj
c:\users\ghrud\onedrive\바탕 화면\styx\engine\utility\include\release\componentmgr.obj
c:\users\ghrud\onedrive\바탕 화면\styx\engine\utility\include\release\component.obj
c:\users\ghrud\onedrive\바탕 화면\styx\engine\utility\include\release\collisionmgr.obj
c:\users\ghrud\onedrive\바탕 화면\styx\engine\utility\include\release\collider.obj
c:\users\ghrud\onedrive\바탕 화면\styx\engine\utility\include\release\cell.obj
c:\users\ghrud\onedrive\바탕 화면\styx\engine\utility\include\release\camera.obj
c:\users\ghrud\onedrive\바탕 화면\styx\engine\utility\include\release\calculator.obj
c:\users\ghrud\onedrive\바탕 화면\styx\engine\utility\include\release\anictrl.obj
c:\users\ghrud\onedrive\바탕 화면\styx\engine\utility\include\release\terrainrctex.obj
c:\users\ghrud\onedrive\바탕 화면\styx\engine\utility\include\release\target_manager.obj
c:\users\ghrud\onedrive\바탕 화면\styx\engine\utility\include\release\staticmesh.obj
c:\users\ghrud\onedrive\바탕 화면\styx\engine\utility\include\release\spherecollider.obj
c:\users\ghrud\onedrive\바탕 화면\styx\engine\utility\include\release\spherecol.obj
c:\users\ghrud\onedrive\바탕 화면\styx\engine\utility\include\release\shader.obj
c:\users\ghrud\onedrive\바탕 화면\styx\engine\utility\include\release\scene.obj
c:\users\ghrud\onedrive\바탕 화면\styx\engine\utility\include\release\resourcesmgr.obj
c:\users\ghrud\onedrive\바탕 화면\styx\engine\utility\include\release\resources.obj
c:\users\ghrud\onedrive\바탕 화면\styx\engine\utility\include\release\rendertarget.obj
c:\users\ghrud\onedrive\바탕 화면\styx\engine\utility\include\release\renderer.obj
c:\users\ghrud\onedrive\바탕 화면\styx\engine\utility\include\release\rctex.obj
c:\users\ghrud\onedrive\바탕 화면\styx\engine\utility\include\release\rccol.obj
c:\users\ghrud\onedrive\바탕 화면\styx\engine\utility\include\release\quadtree.obj
c:\users\ghrud\onedrive\바탕 화면\styx\engine\utility\include\release\optimization.obj
c:\users\ghrud\onedrive\바탕 화면\styx\engine\utility\include\release\objectmgr.obj
c:\users\ghrud\onedrive\바탕 화면\styx\engine\utility\include\release\navimgr.obj
c:\users\ghrud\onedrive\바탕 화면\styx\engine\utility\include\release\navimesh.obj
c:\users\ghrud\onedrive\바탕 화면\styx\engine\utility\include\release\mesh.obj
c:\users\ghrud\onedrive\바탕 화면\styx\engine\utility\include\release\management.obj
c:\users\ghrud\onedrive\바탕 화면\styx\engine\utility\include\release\vibuffer_viewport.obj
c:\users\ghrud\onedrive\바탕 화면\styx\engine\utility\include\release\vibuffer.obj
c:\users\ghrud\onedrive\바탕 화면\styx\engine\utility\include\release\tricol.obj
c:\users\ghrud\onedrive\바탕 화면\styx\engine\utility\include\release\transform.obj
c:\users\ghrud\onedrive\바탕 화면\styx\engine\utility\include\release\texture.obj
c:\users\ghrud\onedrive\바탕 화면\styx\engine\utility\include\release\terraintex.obj
c:\users\ghrud\onedrive\바탕 화면\styx\engine\utility\bin\release\shader_blend.cso
c:\users\ghrud\onedrive\바탕 화면\styx\engine\utility\bin\release\shader_lightacc.cso
c:\users\ghrud\onedrive\바탕 화면\styx\engine\utility\include\release\utility.tlog\cl.command.1.tlog
c:\users\ghrud\onedrive\바탕 화면\styx\engine\utility\include\release\utility.tlog\cl.read.1.tlog
c:\users\ghrud\onedrive\바탕 화면\styx\engine\utility\include\release\utility.tlog\cl.write.1.tlog
c:\users\ghrud\onedrive\바탕 화면\styx\engine\utility\include\release\utility.tlog\fxc.command.1.tlog
c:\users\ghrud\onedrive\바탕 화면\styx\engine\utility\include\release\utility.tlog\fxc.read.1.tlog
c:\users\ghrud\onedrive\바탕 화면\styx\engine\utility\include\release\utility.tlog\fxc.write.1.tlog
c:\users\ghrud\onedrive\바탕 화면\styx\engine\utility\include\release\utility.tlog\link.command.1.tlog
c:\users\ghrud\onedrive\바탕 화면\styx\engine\utility\include\release\utility.tlog\link.read.1.tlog
c:\users\ghrud\onedrive\바탕 화면\styx\engine\utility\include\release\utility.tlog\link.read.2.tlog
c:\users\ghrud\onedrive\바탕 화면\styx\engine\utility\include\release\utility.tlog\link.write.1.tlog
c:\users\ghrud\onedrive\바탕 화면\styx\engine\utility\include\release\utility.tlog\utility.write.1u.tlog
