c:\users\guuto\desktop\styx of shg - 191221 - shader (2)\engine\system\include\release\soundmgr.obj
c:\users\guuto\desktop\styx of shg - 191221 - shader (2)\engine\system\include\release\framemgr.obj
c:\users\guuto\desktop\styx of shg - 191221 - shader (2)\engine\system\include\release\timer.obj
c:\users\guuto\desktop\styx of shg - 191221 - shader (2)\engine\system\include\release\inputdev.obj
c:\users\guuto\desktop\styx of shg - 191221 - shader (2)\engine\system\include\release\timermgr.obj
c:\users\guuto\desktop\styx of shg - 191221 - shader (2)\engine\system\include\release\font.obj
c:\users\guuto\desktop\styx of shg - 191221 - shader (2)\engine\system\include\release\graphicdev.obj
c:\users\guuto\desktop\styx of shg - 191221 - shader (2)\engine\system\include\release\fontmgr.obj
c:\users\guuto\desktop\styx of shg - 191221 - shader (2)\engine\system\include\release\frame.obj
c:\users\guuto\desktop\styx of shg - 191221 - shader (2)\engine\system\include\release\vc140.pdb
c:\users\guuto\desktop\styx of shg - 191221 - shader (2)\engine\system\bin\release\system.dll
c:\users\guuto\desktop\styx of shg - 191221 - shader (2)\engine\system\bin\release\system.ipdb
c:\users\guuto\desktop\styx of shg - 191221 - shader (2)\engine\system\bin\release\system.iobj
c:\users\guuto\desktop\styx of shg - 191221 - shader (2)\engine\system\bin\release\system.pdb
c:\users\guuto\desktop\styx of shg - 191221 - shader (2)\engine\system\bin\release\system.lib
c:\users\guuto\desktop\styx of shg - 191221 - shader (2)\engine\system\bin\release\system.exp
c:\users\guuto\desktop\styx of shg - 191221 - shader (2)\engine\system\include\../bin/release\system.dll
c:\users\guuto\desktop\styx of shg - 191221 - shader (2)\engine\system\include\release\system.tlog\cl.command.1.tlog
c:\users\guuto\desktop\styx of shg - 191221 - shader (2)\engine\system\include\release\system.tlog\cl.read.1.tlog
c:\users\guuto\desktop\styx of shg - 191221 - shader (2)\engine\system\include\release\system.tlog\cl.write.1.tlog
c:\users\guuto\desktop\styx of shg - 191221 - shader (2)\engine\system\include\release\system.tlog\link.command.1.tlog
c:\users\guuto\desktop\styx of shg - 191221 - shader (2)\engine\system\include\release\system.tlog\link.read.1.tlog
c:\users\guuto\desktop\styx of shg - 191221 - shader (2)\engine\system\include\release\system.tlog\link.write.1.tlog
c:\users\guuto\desktop\styx of shg - 191221 - shader (2)\engine\system\include\release\system.tlog\system.write.1u.tlog
